<?xml version="1.0" encoding="UTF-8"?>
<testng-results ignored="1" total="9" passed="8" failed="0" skipped="0">
  <reporter-output>
  </reporter-output>
  <suite started-at="2023-11-24T20:01:39 IST" name="Default suite" finished-at="2023-11-24T20:01:39 IST" duration-ms="172">
    <groups>
    </groups>
    <test started-at="2023-11-24T20:01:39 IST" name="Default test" finished-at="2023-11-24T20:01:39 IST" duration-ms="172">
      <class name="learningtestng.TestNGAttributes">
        <test-method signature="login()[pri:-1, instance:learningtestng.TestNGAttributes@506ae4d4]" started-at="2023-11-24T20:01:39 IST" name="login" finished-at="2023-11-24T20:01:39 IST" duration-ms="15" status="PASS">
          <reporter-output>
          </reporter-output>
        </test-method> <!-- login -->
        <test-method signature="createLead()[pri:1, instance:learningtestng.TestNGAttributes@506ae4d4]" started-at="2023-11-24T20:01:39 IST" name="createLead" finished-at="2023-11-24T20:01:39 IST" duration-ms="7" status="PASS">
          <reporter-output>
          </reporter-output>
        </test-method> <!-- createLead -->
        <test-method signature="createLead()[pri:1, instance:learningtestng.TestNGAttributes@506ae4d4]" started-at="2023-11-24T20:01:39 IST" name="createLead" finished-at="2023-11-24T20:01:39 IST" duration-ms="5" status="PASS">
          <reporter-output>
          </reporter-output>
        </test-method> <!-- createLead -->
        <test-method signature="createLead()[pri:1, instance:learningtestng.TestNGAttributes@506ae4d4]" started-at="2023-11-24T20:01:39 IST" name="createLead" finished-at="2023-11-24T20:01:39 IST" duration-ms="6" status="PASS">
          <reporter-output>
          </reporter-output>
        </test-method> <!-- createLead -->
        <test-method signature="createLead()[pri:1, instance:learningtestng.TestNGAttributes@506ae4d4]" started-at="2023-11-24T20:01:39 IST" name="createLead" finished-at="2023-11-24T20:01:39 IST" duration-ms="9" status="PASS">
          <reporter-output>
          </reporter-output>
        </test-method> <!-- createLead -->
        <test-method signature="createLead()[pri:1, instance:learningtestng.TestNGAttributes@506ae4d4]" started-at="2023-11-24T20:01:39 IST" name="createLead" finished-at="2023-11-24T20:01:39 IST" duration-ms="3" status="PASS">
          <reporter-output>
          </reporter-output>
        </test-method> <!-- createLead -->
        <test-method signature="editLead()[pri:2, instance:learningtestng.TestNGAttributes@506ae4d4]" started-at="2023-11-24T20:01:39 IST" name="editLead" finished-at="2023-11-24T20:01:39 IST" duration-ms="2" status="PASS">
          <reporter-output>
          </reporter-output>
        </test-method> <!-- editLead -->
        <test-method signature="deleteLead()[pri:3, instance:learningtestng.TestNGAttributes@506ae4d4]" started-at="2023-11-24T20:01:39 IST" name="deleteLead" finished-at="2023-11-24T20:01:39 IST" duration-ms="3" status="PASS">
          <reporter-output>
          </reporter-output>
        </test-method> <!-- deleteLead -->
      </class> <!-- learningtestng.TestNGAttributes -->
    </test> <!-- Default test -->
  </suite> <!-- Default suite -->
</testng-results>
