<?xml version="1.0" encoding="UTF-8"?>
<!-- Generated by org.testng.reporters.JUnitXMLReporter -->
<testsuite ignored="1" hostname="MTSPC25" failures="0" tests="8" name="Default test" time="0.172" errors="0" timestamp="2023-11-24T20:01:39 IST">
  <testcase classname="learningtestng.TestNGAttributes" name="login" time="0.015"/>
  <testcase classname="learningtestng.TestNGAttributes" name="createLead" time="0.005"/>
  <testcase classname="learningtestng.TestNGAttributes" name="createLead" time="0.007"/>
  <testcase classname="learningtestng.TestNGAttributes" name="createLead" time="0.006"/>
  <testcase classname="learningtestng.TestNGAttributes" name="createLead" time="0.009"/>
  <testcase classname="learningtestng.TestNGAttributes" name="createLead" time="0.003"/>
  <testcase classname="learningtestng.TestNGAttributes" name="editLead" time="0.002"/>
  <testcase classname="learningtestng.TestNGAttributes" name="deleteLead" time="0.003"/>
  <testcase classname="learningtestng.TestNGAttributes" name="duplicateLead" time="0.0">
    <ignored/>
  </testcase> <!-- duplicateLead -->
</testsuite> <!-- Default test -->
